This is pdfTeX, Version 3.141592653-2.6-1.40.24 (MiKTeX 22.10) (preloaded format=pdflatex 2022.11.22)  26 DEC 2022 23:07
entering extended mode
 restricted \write18 enabled.
 %&-line parsing enabled.
**"C:/Users/sj5947pw/OneDrive - MNSCU/Documents/papers/moving camera/moving_cam
era.tex"

(C:/Users/sj5947pw/OneDrive - MNSCU/Documents/papers/moving camera/moving_camer
a.tex
LaTeX2e <2022-11-01>
L3 programming layer <2022-11-02>
(C:\Users\sj5947pw\AppData\Local\Programs\MiKTeX\tex/latex/base\article.cls
Document Class: article 2022/07/02 v1.4n Standard LaTeX document class
(C:\Users\sj5947pw\AppData\Local\Programs\MiKTeX\tex/latex/base\size10.clo
File: size10.clo 2022/07/02 v1.4n Standard LaTeX file (size option)
)
\c@part=\count185
\c@section=\count186
\c@subsection=\count187
\c@subsubsection=\count188
\c@paragraph=\count189
\c@subparagraph=\count190
\c@figure=\count191
\c@table=\count192
\abovecaptionskip=\skip47
\belowcaptionskip=\skip48
\bibindent=\dimen140
)
(C:\Users\sj5947pw\AppData\Local\Programs\MiKTeX\tex/latex/base\inputenc.sty
Package: inputenc 2021/02/14 v1.3d Input encoding file
\inpenc@prehook=\toks16
\inpenc@posthook=\toks17
)
(C:\Users\sj5947pw\AppData\Local\Programs\MiKTeX\tex/latex/base\fontenc.sty
Package: fontenc 2021/04/29 v2.0v Standard LaTeX package
)
(C:\Users\sj5947pw\AppData\Local\Programs\MiKTeX\tex/latex/float\float.sty
Package: float 2001/11/08 v1.3d Float enhancements (AL)
\c@float@type=\count193
\float@exts=\toks18
\float@box=\box51
\@float@everytoks=\toks19
\@floatcapt=\box52
)
(C:\Users\sj5947pw\AppData\Local\Programs\MiKTeX\tex/latex/units\units.sty
Package: units 1998/08/04 v0.9b Typesetting units

(C:\Users\sj5947pw\AppData\Local\Programs\MiKTeX\tex/latex/base\ifthen.sty
Package: ifthen 2022/04/13 v1.1d Standard LaTeX ifthen package (DPC)
)
(C:\Users\sj5947pw\AppData\Local\Programs\MiKTeX\tex/latex/units\nicefrac.sty
Package: nicefrac 1998/08/04 v0.9b Nice fractions
\L@UnitsRaiseDisplaystyle=\skip49
\L@UnitsRaiseTextstyle=\skip50
\L@UnitsRaiseScriptstyle=\skip51
))
(C:\Users\sj5947pw\AppData\Local\Programs\MiKTeX\tex/latex/graphics\graphicx.st
y
Package: graphicx 2021/09/16 v1.2d Enhanced LaTeX Graphics (DPC,SPQR)

(C:\Users\sj5947pw\AppData\Local\Programs\MiKTeX\tex/latex/graphics\keyval.sty
Package: keyval 2022/05/29 v1.15 key=value parser (DPC)
\KV@toks@=\toks20
)
(C:\Users\sj5947pw\AppData\Local\Programs\MiKTeX\tex/latex/graphics\graphics.st
y
Package: graphics 2022/03/10 v1.4e Standard LaTeX Graphics (DPC,SPQR)
 (C:\Users\sj5947pw\AppData\Local\Programs\MiKTeX\tex/latex/graphics\trig.sty
Package: trig 2021/08/11 v1.11 sin cos tan (DPC)
)
(C:\Users\sj5947pw\AppData\Local\Programs\MiKTeX\tex/latex/graphics-cfg\graphic
s.cfg
File: graphics.cfg 2016/06/04 v1.11 sample graphics configuration
)
Package graphics Info: Driver file: pdftex.def on input line 107.

(C:\Users\sj5947pw\AppData\Local\Programs\MiKTeX\tex/latex/graphics-def\pdftex.
def
File: pdftex.def 2022/09/22 v1.2b Graphics/color driver for pdftex
))
\Gin@req@height=\dimen141
\Gin@req@width=\dimen142
)
(C:\Users\sj5947pw\AppData\Local\Programs\MiKTeX\tex/generic/babel\babel.sty
Package: babel 2022/10/23 3.82 The Babel package
\babel@savecnt=\count194
\U@D=\dimen143
\l@unhyphenated=\language79

(C:\Users\sj5947pw\AppData\Local\Programs\MiKTeX\tex/generic/babel\txtbabel.def
)
\bbl@readstream=\read2
\bbl@dirlevel=\count195

*************************************
* Local config file bblopts.cfg used
*
(C:\Users\sj5947pw\AppData\Local\Programs\MiKTeX\tex/latex/arabi\bblopts.cfg
File: bblopts.cfg 2005/09/08 v0.1 add Arabic and Farsi to "declared" options of
 babel
)
Package babel Info: You haven't specified a language. I'll use 'nil'
(babel)             as the main language. Reported on input line 4468.

(C:\Users\sj5947pw\AppData\Local\Programs\MiKTeX\tex/generic/babel\nil.ldf
Language: nil 2022/10/23 3.82 Nil language
\l@nil=\language80
))
(C:\Users\sj5947pw\AppData\Local\Programs\MiKTeX\tex/latex/graphics\color.sty
Package: color 2022/01/06 v1.3d Standard LaTeX Color (DPC)

(C:\Users\sj5947pw\AppData\Local\Programs\MiKTeX\tex/latex/graphics-cfg\color.c
fg
File: color.cfg 2016/01/02 v1.6 sample color configuration
)
Package color Info: Driver file: pdftex.def on input line 149.

(C:\Users\sj5947pw\AppData\Local\Programs\MiKTeX\tex/latex/graphics\mathcolor.l
tx))
(C:\Users\sj5947pw\AppData\Local\Programs\MiKTeX\tex/latex/comment\comment.sty
\CommentStream=\write3

Excluding comment 'comment')
(C:\Users\sj5947pw\AppData\Local\Programs\MiKTeX\tex/latex/hyperref\hyperref.st
y
Package: hyperref 2022-11-13 v7.00u Hypertext links for LaTeX

(C:\Users\sj5947pw\AppData\Local\Programs\MiKTeX\tex/generic/ltxcmds\ltxcmds.st
y
Package: ltxcmds 2020-05-10 v1.25 LaTeX kernel commands for general use (HO)
) (C:\Users\sj5947pw\AppData\Local\Programs\MiKTeX\tex/generic/iftex\iftex.sty
Package: iftex 2022/02/03 v1.0f TeX engine tests
)
(C:\Users\sj5947pw\AppData\Local\Programs\MiKTeX\tex/generic/pdftexcmds\pdftexc
mds.sty
Package: pdftexcmds 2020-06-27 v0.33 Utility functions of pdfTeX for LuaTeX (HO
)

(C:\Users\sj5947pw\AppData\Local\Programs\MiKTeX\tex/generic/infwarerr\infwarer
r.sty
Package: infwarerr 2019/12/03 v1.5 Providing info/warning/error messages (HO)
)
Package pdftexcmds Info: \pdf@primitive is available.
Package pdftexcmds Info: \pdf@ifprimitive is available.
Package pdftexcmds Info: \pdfdraftmode found.
)
(C:\Users\sj5947pw\AppData\Local\Programs\MiKTeX\tex/latex/kvsetkeys\kvsetkeys.
sty
Package: kvsetkeys 2022-10-05 v1.19 Key value parser (HO)
)
(C:\Users\sj5947pw\AppData\Local\Programs\MiKTeX\tex/generic/kvdefinekeys\kvdef
inekeys.sty
Package: kvdefinekeys 2019-12-19 v1.6 Define keys (HO)
)
(C:\Users\sj5947pw\AppData\Local\Programs\MiKTeX\tex/generic/pdfescape\pdfescap
e.sty
Package: pdfescape 2019/12/09 v1.15 Implements pdfTeX's escape features (HO)
)
(C:\Users\sj5947pw\AppData\Local\Programs\MiKTeX\tex/latex/hycolor\hycolor.sty
Package: hycolor 2020-01-27 v1.10 Color options for hyperref/bookmark (HO)
)
(C:\Users\sj5947pw\AppData\Local\Programs\MiKTeX\tex/latex/letltxmacro\letltxma
cro.sty
Package: letltxmacro 2019/12/03 v1.6 Let assignment for LaTeX macros (HO)
)
(C:\Users\sj5947pw\AppData\Local\Programs\MiKTeX\tex/latex/auxhook\auxhook.sty
Package: auxhook 2019-12-17 v1.6 Hooks for auxiliary files (HO)
)
(C:\Users\sj5947pw\AppData\Local\Programs\MiKTeX\tex/latex/hyperref\nameref.sty
Package: nameref 2022-05-17 v2.50 Cross-referencing by name of section

(C:\Users\sj5947pw\AppData\Local\Programs\MiKTeX\tex/latex/refcount\refcount.st
y
Package: refcount 2019/12/15 v3.6 Data extraction from label references (HO)
)
(C:\Users\sj5947pw\AppData\Local\Programs\MiKTeX\tex/generic/gettitlestring\get
titlestring.sty
Package: gettitlestring 2019/12/15 v1.6 Cleanup title references (HO)

(C:\Users\sj5947pw\AppData\Local\Programs\MiKTeX\tex/latex/kvoptions\kvoptions.
sty
Package: kvoptions 2022-06-15 v3.15 Key value format for package options (HO)
))
\c@section@level=\count196
)
\@linkdim=\dimen144
\Hy@linkcounter=\count197
\Hy@pagecounter=\count198

(C:\Users\sj5947pw\AppData\Local\Programs\MiKTeX\tex/latex/hyperref\pd1enc.def
File: pd1enc.def 2022-11-13 v7.00u Hyperref: PDFDocEncoding definition (HO)
Now handling font encoding PD1 ...
... no UTF-8 mapping file for font encoding PD1
)
(C:\Users\sj5947pw\AppData\Local\Programs\MiKTeX\tex/generic/intcalc\intcalc.st
y
Package: intcalc 2019/12/15 v1.3 Expandable calculations with integers (HO)
)
(C:\Users\sj5947pw\AppData\Local\Programs\MiKTeX\tex/generic/etexcmds\etexcmds.
sty
Package: etexcmds 2019/12/15 v1.7 Avoid name clashes with e-TeX commands (HO)
)
\Hy@SavedSpaceFactor=\count199

(C:\Users\sj5947pw\AppData\Local\Programs\MiKTeX\tex/latex/hyperref\puenc.def
File: puenc.def 2022-11-13 v7.00u Hyperref: PDF Unicode definition (HO)
Now handling font encoding PU ...
... no UTF-8 mapping file for font encoding PU
)
Package hyperref Info: Hyper figures OFF on input line 4162.
Package hyperref Info: Link nesting OFF on input line 4167.
Package hyperref Info: Hyper index ON on input line 4170.
Package hyperref Info: Plain pages OFF on input line 4177.
Package hyperref Info: Backreferencing OFF on input line 4182.
Package hyperref Info: Implicit mode ON; LaTeX internals redefined.
Package hyperref Info: Bookmarks ON on input line 4410.
\c@Hy@tempcnt=\count266

(C:\Users\sj5947pw\AppData\Local\Programs\MiKTeX\tex/latex/url\url.sty
\Urlmuskip=\muskip16
Package: url 2013/09/16  ver 3.4  Verb mode for urls, etc.
)
LaTeX Info: Redefining \url on input line 4748.
\XeTeXLinkMargin=\dimen145

(C:\Users\sj5947pw\AppData\Local\Programs\MiKTeX\tex/generic/bitset\bitset.sty
Package: bitset 2019/12/09 v1.3 Handle bit-vector datatype (HO)

(C:\Users\sj5947pw\AppData\Local\Programs\MiKTeX\tex/generic/bigintcalc\bigintc
alc.sty
Package: bigintcalc 2019/12/15 v1.5 Expandable calculations on big integers (HO
)
))
\Fld@menulength=\count267
\Field@Width=\dimen146
\Fld@charsize=\dimen147
Package hyperref Info: Hyper figures OFF on input line 6027.
Package hyperref Info: Link nesting OFF on input line 6032.
Package hyperref Info: Hyper index ON on input line 6035.
Package hyperref Info: backreferencing OFF on input line 6042.
Package hyperref Info: Link coloring OFF on input line 6047.
Package hyperref Info: Link coloring with OCG OFF on input line 6052.
Package hyperref Info: PDF/A mode OFF on input line 6057.

(C:\Users\sj5947pw\AppData\Local\Programs\MiKTeX\tex/latex/base\atbegshi-ltx.st
y
Package: atbegshi-ltx 2021/01/10 v1.0c Emulation of the original atbegshi
package with kernel methods
)
\Hy@abspage=\count268
\c@Item=\count269
\c@Hfootnote=\count270
)
Package hyperref Info: Driver (autodetected): hpdftex.

(C:\Users\sj5947pw\AppData\Local\Programs\MiKTeX\tex/latex/hyperref\hpdftex.def
File: hpdftex.def 2022-11-13 v7.00u Hyperref driver for pdfTeX

(C:\Users\sj5947pw\AppData\Local\Programs\MiKTeX\tex/latex/base\atveryend-ltx.s
ty
Package: atveryend-ltx 2020/08/19 v1.0a Emulation of the original atveryend pac
kage
with kernel methods
)
\Fld@listcount=\count271
\c@bookmark@seq@number=\count272

(C:\Users\sj5947pw\AppData\Local\Programs\MiKTeX\tex/latex/rerunfilecheck\rerun
filecheck.sty
Package: rerunfilecheck 2022-07-10 v1.10 Rerun checks for auxiliary files (HO)

(C:\Users\sj5947pw\AppData\Local\Programs\MiKTeX\tex/generic/uniquecounter\uniq
uecounter.sty
Package: uniquecounter 2019/12/15 v1.4 Provide unlimited unique counter (HO)
)
Package uniquecounter Info: New unique counter `rerunfilecheck' on input line 2
85.
)
\Hy@SectionHShift=\skip52
)
(C:\Users\sj5947pw\AppData\Local\Programs\MiKTeX\tex/latex/l3backend\l3backend-
pdftex.def
File: l3backend-pdftex.def 2022-10-26 L3 backend support: PDF output (pdfTeX)
\l__color_backend_stack_int=\count273
\l__pdf_internal_box=\box53
)
No file moving_camera.aux.
\openout1 = `moving_camera.aux'.

LaTeX Font Info:    Checking defaults for OML/cmm/m/it on input line 17.
LaTeX Font Info:    ... okay on input line 17.
LaTeX Font Info:    Checking defaults for OMS/cmsy/m/n on input line 17.
LaTeX Font Info:    ... okay on input line 17.
LaTeX Font Info:    Checking defaults for OT1/cmr/m/n on input line 17.
LaTeX Font Info:    ... okay on input line 17.
LaTeX Font Info:    Checking defaults for T1/cmr/m/n on input line 17.
LaTeX Font Info:    ... okay on input line 17.
LaTeX Font Info:    Checking defaults for TS1/cmr/m/n on input line 17.
LaTeX Font Info:    ... okay on input line 17.
LaTeX Font Info:    Checking defaults for OMX/cmex/m/n on input line 17.
LaTeX Font Info:    ... okay on input line 17.
LaTeX Font Info:    Checking defaults for U/cmr/m/n on input line 17.
LaTeX Font Info:    ... okay on input line 17.
LaTeX Font Info:    Checking defaults for PD1/pdf/m/n on input line 17.
LaTeX Font Info:    ... okay on input line 17.
LaTeX Font Info:    Checking defaults for PU/pdf/m/n on input line 17.
LaTeX Font Info:    ... okay on input line 17.

(C:\Users\sj5947pw\AppData\Local\Programs\MiKTeX\tex/context/base/mkii\supp-pdf
.mkii
[Loading MPS to PDF converter (version 2006.09.02).]
\scratchcounter=\count274
\scratchdimen=\dimen148
\scratchbox=\box54
\nofMPsegments=\count275
\nofMParguments=\count276
\everyMPshowfont=\toks21
\MPscratchCnt=\count277
\MPscratchDim=\dimen149
\MPnumerator=\count278
\makeMPintoPDFobject=\count279
\everyMPtoPDFconversion=\toks22
)
(C:\Users\sj5947pw\AppData\Local\Programs\MiKTeX\tex/latex/epstopdf-pkg\epstopd
f-base.sty
Package: epstopdf-base 2020-01-24 v2.11 Base part for package epstopdf
Package epstopdf-base Info: Redefining graphics rule for `.eps' on input line 4
85.

(C:\Users\sj5947pw\AppData\Local\Programs\MiKTeX\tex/latex/00miktex\epstopdf-sy
s.cfg
File: epstopdf-sys.cfg 2021/03/18 v2.0 Configuration of epstopdf for MiKTeX
))
Package hyperref Info: Link coloring OFF on input line 17.
\@outlinefile=\write4
\openout4 = `moving_camera.out'.


! Undefined control sequence.
l.28 \email
           {nmoore@winona.edu} % optional
? 
! Undefined control sequence.
l.29 \affiliation
                 {Department of Physics, Winona State University, Winona, MN...

? 

Underfull \hbox (badness 10000) in paragraph at lines 28--30
[]\T1/cmr/m/n/10 nmoore@winona.edu Department of Physics,
 []


Underfull \hbox (badness 1533) in paragraph at lines 34--36
\T1/cmr/m/n/10 frame of reference correction that students can
 []

[1

{C:/Users/sj5947pw/AppData/Local/MiKTeX/fonts/map/pdftex/pdftex.map}

]
LaTeX Font Info:    External font `cmex10' loaded for size
(Font)              <12> on input line 38.
LaTeX Font Info:    External font `cmex10' loaded for size
(Font)              <8> on input line 38.
LaTeX Font Info:    External font `cmex10' loaded for size
(Font)              <6> on input line 38.
LaTeX Font Info:    Trying to load font information for T1+cmtt on input line 4
4.

(C:\Users\sj5947pw\AppData\Local\Programs\MiKTeX\tex/latex/base\t1cmtt.fd
File: t1cmtt.fd 2022/07/10 v2.5l Standard LaTeX font definitions
)
LaTeX Font Info:    External font `cmex10' loaded for size
(Font)              <7> on input line 44.
LaTeX Font Info:    External font `cmex10' loaded for size
(Font)              <5> on input line 44.

Underfull \hbox (badness 10000) in paragraph at lines 43--46
\T1/cmtt/m/n/10 net / experiment . php ? topicid = 2 & exptid = 95$[] \T1/cmr/m
/n/10 one
 []

<Etkina-1.jpg, id=12, 543.2295pt x 366.168pt>
File: Etkina-1.jpg Graphic file (type jpg)
<use Etkina-1.jpg>
Package pdftex.def Info: Etkina-1.jpg  used on input line 49.
(pdftex.def)             Requested size: 229.5pt x 154.69464pt.

LaTeX Warning: `!h' float specifier changed to `!ht'.


Underfull \hbox (badness 5563) in paragraph at lines 56--59
\T1/cmr/m/n/10 Bohacek's Direct Measurement Physics Videos
 []


Underfull \hbox (badness 10000) in paragraph at lines 56--59
[]$\T1/cmtt/m/n/10 https : / / www . youtube . com / watch ? v = QsGMKv8Lrew$[]

 []


Underfull \hbox (badness 3199) in paragraph at lines 56--59
\T1/cmr/m/n/10 setting (outside the classroom) and are again
 []


Underfull \hbox (badness 2351) in paragraph at lines 62--63
\T1/cmr/m/n/10 Logger Pro []$\T1/cmtt/m/n/10 https : / / www . vernier . com / 
product /
 []


LaTeX Warning: Citation `calibration_stick' on page 2 undefined on input line 6
4.

<Bohacek-1.jpg, id=18, 709.4505pt x 528.17325pt>
File: Bohacek-1.jpg Graphic file (type jpg)
<use Bohacek-1.jpg>
Package pdftex.def Info: Bohacek-1.jpg  used on input line 68.
(pdftex.def)             Requested size: 229.5pt x 170.8564pt.

Underfull \hbox (badness 2205) in paragraph at lines 71--71
[]\T1/cmr/m/n/10 Figure 2: []A screenshot from Peter Bohacek's
 []


LaTeX Warning: `!h' float specifier changed to `!ht'.

<Etkina-calibration.jpg, id=21, 595.023pt x 476.37975pt>
File: Etkina-calibration.jpg Graphic file (type jpg)
<use Etkina-calibration.jpg>
Package pdftex.def Info: Etkina-calibration.jpg  used on input line 77.
(pdftex.def)             Requested size: 229.5pt x 183.7375pt.

LaTeX Warning: `!h' float specifier changed to `!ht'.

<Etkina-dots-1.jpg, id=22, 594.42075pt x 479.391pt>
File: Etkina-dots-1.jpg Graphic file (type jpg)
<use Etkina-dots-1.jpg>
Package pdftex.def Info: Etkina-dots-1.jpg  used on input line 86.
(pdftex.def)             Requested size: 229.5pt x 185.08911pt.

LaTeX Warning: `!h' float specifier changed to `!ht'.

<Etkina-dots-2.jpg, id=23, 593.21625pt x 479.99326pt>
File: Etkina-dots-2.jpg Graphic file (type jpg)
<use Etkina-dots-2.jpg>
Package pdftex.def Info: Etkina-dots-2.jpg  used on input line 95.
(pdftex.def)             Requested size: 229.5pt x 185.69518pt.

LaTeX Warning: `!h' float specifier changed to `!ht'.

<Etkina-Y-T-plot.jpg, id=24, 448.67625pt x 336.0555pt>
File: Etkina-Y-T-plot.jpg Graphic file (type jpg)
<use Etkina-Y-T-plot.jpg>
Package pdftex.def Info: Etkina-Y-T-plot.jpg  used on input line 104.
(pdftex.def)             Requested size: 229.5pt x 171.89368pt.

LaTeX Warning: `!h' float specifier changed to `!ht'.

<Etkina-X-T-plot.jpg, id=25, 664.884pt x 464.937pt>
File: Etkina-X-T-plot.jpg Graphic file (type jpg)
<use Etkina-X-T-plot.jpg>
Package pdftex.def Info: Etkina-X-T-plot.jpg  used on input line 113.
(pdftex.def)             Requested size: 229.5pt x 160.48146pt.

LaTeX Warning: `!h' float specifier changed to `!ht'.


Underfull \hbox (badness 10000) in paragraph at lines 120--121
[][]$\T1/cmtt/m/n/10 https : / / www . youtube . com / watch ? v =
 []


Underfull \vbox (badness 10000) has occurred while \output is active []

 [2

 <C:/Users/sj5947pw/OneDrive - MNSCU/Documents/papers/moving camera/Etkina-1.jp
g>]

! LaTeX Error: Environment acknowledgments undefined.

See the LaTeX manual or LaTeX Companion for explanation.
Type  H <return>  for immediate help.
 ...                                              
                                                  
l.129 \begin{acknowledgments}
                             
? 

! LaTeX Error: \begin{document} ended by \end{acknowledgments}.

See the LaTeX manual or LaTeX Companion for explanation.
Type  H <return>  for immediate help.
 ...                                              
                                                  
l.132 \end{acknowledgments}
                           
? 

Underfull \hbox (badness 1910) in paragraph at lines 141--142
\T1/cmr/m/n/10 in Tracker []$\T1/cmtt/m/n/10 https : / / physlets . org / track
er /
 []

[3 <C:/Users/sj5947pw/OneDrive - MNSCU/Documents/papers/moving camera/Bohacek-1
.jpg> <C:/Users/sj5947pw/OneDrive - MNSCU/Documents/papers/moving camera/Etkina
-calibration.jpg> <C:/Users/sj5947pw/OneDrive - MNSCU/Documents/papers/moving c
amera/Etkina-dots-1.jpg>] [4 <C:/Users/sj5947pw/OneDrive - MNSCU/Documents/pape
rs/moving camera/Etkina-dots-2.jpg> <C:/Users/sj5947pw/OneDrive - MNSCU/Documen
ts/papers/moving camera/Etkina-Y-T-plot.jpg> <C:/Users/sj5947pw/OneDrive - MNSC
U/Documents/papers/moving camera/Etkina-X-T-plot.jpg>] (moving_camera.aux)

LaTeX Warning: There were undefined references.


LaTeX Warning: Label(s) may have changed. Rerun to get cross-references right.


Package rerunfilecheck Warning: File `moving_camera.out' has changed.
(rerunfilecheck)                Rerun to get outlines right
(rerunfilecheck)                or use package `bookmark'.

Package rerunfilecheck Info: Checksums for `moving_camera.out':
(rerunfilecheck)             Before: <no file>
(rerunfilecheck)             After:  97B8CD024EE54FD84BEA53325879B8D3;435.
 ) 
Here is how much of TeX's memory you used:
 9721 strings out of 475285
 159096 string characters out of 2772703
 517636 words of memory out of 3000000
 31055 multiletter control sequences out of 15000+600000
 477608 words of font info for 45 fonts, out of 8000000 for 9000
 1141 hyphenation exceptions out of 8191
 72i,8n,77p,587b,462s stack positions out of 10000i,1000n,20000p,200000b,80000s
 <C:\Users\sj5947pw\AppData\Local\MiKTeX\fonts/pk/ljfour/jknappen/ec/dpi600\e
cbx1000.pk> <C:\Users\sj5947pw\AppData\Local\MiKTeX\fonts/pk/ljfour/jknappen/ec
/dpi600\ecti1000.pk> <C:\Users\sj5947pw\AppData\Local\MiKTeX\fonts/pk/ljfour/jk
nappen/ec/dpi600\ectt1000.pk> <C:\Users\sj5947pw\AppData\Local\MiKTeX\fonts/pk/
ljfour/jknappen/ec/dpi600\ecrm1200.pk> <C:\Users\sj5947pw\AppData\Local\MiKTeX\
fonts/pk/ljfour/jknappen/ec/dpi600\ecrm1728.pk> <C:\Users\sj5947pw\AppData\Loca
l\MiKTeX\fonts/pk/ljfour/jknappen/ec/dpi600\ecbx1440.pk> <C:\Users\sj5947pw\App
Data\Local\MiKTeX\fonts/pk/ljfour/jknappen/ec/dpi600\ecrm1000.pk><C:/Users/sj59
47pw/AppData/Local/Programs/MiKTeX/fonts/type1/public/amsfonts/cm/cmmi10.pfb><C
:/Users/sj5947pw/AppData/Local/Programs/MiKTeX/fonts/type1/public/amsfonts/cm/c
mr10.pfb>
Output written on moving_camera.pdf (4 pages, 866661 bytes).
PDF statistics:
 288 PDF objects out of 1000 (max. 8388607)
 18 named destinations out of 1000 (max. 500000)
 36 words of extra memory for PDF output out of 10000 (max. 10000000)

