This is pdfTeX, Version 3.141592653-2.6-1.40.24 (MiKTeX 22.10) (preloaded format=pdflatex 2022.11.22)  3 JAN 2023 10:55
entering extended mode
 restricted \write18 enabled.
 %&-line parsing enabled.
**"C:/Users/sj5947pw/OneDrive - MNSCU/Documents/papers/moving camera/make_paper
/moving_camera.tex"

(C:/Users/sj5947pw/OneDrive - MNSCU/Documents/papers/moving camera/make_paper/m
oving_camera.tex
LaTeX2e <2022-11-01>
L3 programming layer <2022-11-02>
(C:/Users/sj5947pw/OneDrive - MNSCU/Documents/papers/moving camera/make_paper\i
opart.cls
Document Class: iopart 1996/06/10 v0.0 IOP Journals LaTeX article class

(C:/Users/sj5947pw/OneDrive - MNSCU/Documents/papers/moving camera/make_paper\i
opart12.clo
File: iopart12.clo 1997/01/15 v1.0 LaTeX2e file (size option)
)
\c@jnl=\count185
\c@section=\count186
\c@subsection=\count187
\c@subsubsection=\count188
\c@paragraph=\count189
\c@subparagraph=\count190
\c@figure=\count191
\c@table=\count192
\abovecaptionskip=\skip47
\belowcaptionskip=\skip48
\indentedwidth=\skip49
\mathindent=\dimen140
\c@eqnval=\count193
)

! LaTeX Error: Missing \begin{document}.

See the LaTeX manual or LaTeX Companion for explanation.
Type  H <return>  for immediate help.
 ...                                              
                                                  
l.3 h
     
? 
(C:\Users\sj5947pw\AppData\Local\Programs\MiKTeX\tex/latex/float\float.sty
Package: float 2001/11/08 v1.3d Float enhancements (AL)
\c@float@type=\count194
\float@exts=\toks16
\float@box=\box51
\@float@everytoks=\toks17
\@floatcapt=\box52
)
(C:\Users\sj5947pw\AppData\Local\Programs\MiKTeX\tex/latex/units\units.sty
Package: units 1998/08/04 v0.9b Typesetting units

(C:\Users\sj5947pw\AppData\Local\Programs\MiKTeX\tex/latex/base\ifthen.sty
Package: ifthen 2022/04/13 v1.1d Standard LaTeX ifthen package (DPC)
)
(C:\Users\sj5947pw\AppData\Local\Programs\MiKTeX\tex/latex/units\nicefrac.sty
Package: nicefrac 1998/08/04 v0.9b Nice fractions
\L@UnitsRaiseDisplaystyle=\skip50
\L@UnitsRaiseTextstyle=\skip51
\L@UnitsRaiseScriptstyle=\skip52
))
(C:\Users\sj5947pw\AppData\Local\Programs\MiKTeX\tex/latex/graphics\graphicx.st
y
Package: graphicx 2021/09/16 v1.2d Enhanced LaTeX Graphics (DPC,SPQR)

(C:\Users\sj5947pw\AppData\Local\Programs\MiKTeX\tex/latex/graphics\keyval.sty
Package: keyval 2022/05/29 v1.15 key=value parser (DPC)
\KV@toks@=\toks18
)
(C:\Users\sj5947pw\AppData\Local\Programs\MiKTeX\tex/latex/graphics\graphics.st
y
Package: graphics 2022/03/10 v1.4e Standard LaTeX Graphics (DPC,SPQR)
 (C:\Users\sj5947pw\AppData\Local\Programs\MiKTeX\tex/latex/graphics\trig.sty
Package: trig 2021/08/11 v1.11 sin cos tan (DPC)
)
(C:\Users\sj5947pw\AppData\Local\Programs\MiKTeX\tex/latex/graphics-cfg\graphic
s.cfg
File: graphics.cfg 2016/06/04 v1.11 sample graphics configuration
)
Package graphics Info: Driver file: pdftex.def on input line 107.

(C:\Users\sj5947pw\AppData\Local\Programs\MiKTeX\tex/latex/graphics-def\pdftex.
def
File: pdftex.def 2022/09/22 v1.2b Graphics/color driver for pdftex
))
\Gin@req@height=\dimen141
\Gin@req@width=\dimen142
)
(C:\Users\sj5947pw\AppData\Local\Programs\MiKTeX\tex/latex/hyperref\hyperref.st
y
Package: hyperref 2022-11-13 v7.00u Hypertext links for LaTeX

(C:\Users\sj5947pw\AppData\Local\Programs\MiKTeX\tex/generic/ltxcmds\ltxcmds.st
y
Package: ltxcmds 2020-05-10 v1.25 LaTeX kernel commands for general use (HO)
) (C:\Users\sj5947pw\AppData\Local\Programs\MiKTeX\tex/generic/iftex\iftex.sty
Package: iftex 2022/02/03 v1.0f TeX engine tests
)
(C:\Users\sj5947pw\AppData\Local\Programs\MiKTeX\tex/generic/pdftexcmds\pdftexc
mds.sty
Package: pdftexcmds 2020-06-27 v0.33 Utility functions of pdfTeX for LuaTeX (HO
)

(C:\Users\sj5947pw\AppData\Local\Programs\MiKTeX\tex/generic/infwarerr\infwarer
r.sty
Package: infwarerr 2019/12/03 v1.5 Providing info/warning/error messages (HO)
)
Package pdftexcmds Info: \pdf@primitive is available.
Package pdftexcmds Info: \pdf@ifprimitive is available.
Package pdftexcmds Info: \pdfdraftmode found.
)
(C:\Users\sj5947pw\AppData\Local\Programs\MiKTeX\tex/latex/kvsetkeys\kvsetkeys.
sty
Package: kvsetkeys 2022-10-05 v1.19 Key value parser (HO)
)
(C:\Users\sj5947pw\AppData\Local\Programs\MiKTeX\tex/generic/kvdefinekeys\kvdef
inekeys.sty
Package: kvdefinekeys 2019-12-19 v1.6 Define keys (HO)
)
(C:\Users\sj5947pw\AppData\Local\Programs\MiKTeX\tex/generic/pdfescape\pdfescap
e.sty
Package: pdfescape 2019/12/09 v1.15 Implements pdfTeX's escape features (HO)
)
(C:\Users\sj5947pw\AppData\Local\Programs\MiKTeX\tex/latex/hycolor\hycolor.sty
Package: hycolor 2020-01-27 v1.10 Color options for hyperref/bookmark (HO)
)
(C:\Users\sj5947pw\AppData\Local\Programs\MiKTeX\tex/latex/letltxmacro\letltxma
cro.sty
Package: letltxmacro 2019/12/03 v1.6 Let assignment for LaTeX macros (HO)
)
(C:\Users\sj5947pw\AppData\Local\Programs\MiKTeX\tex/latex/auxhook\auxhook.sty
Package: auxhook 2019-12-17 v1.6 Hooks for auxiliary files (HO)
)
(C:\Users\sj5947pw\AppData\Local\Programs\MiKTeX\tex/latex/hyperref\nameref.sty
Package: nameref 2022-05-17 v2.50 Cross-referencing by name of section

(C:\Users\sj5947pw\AppData\Local\Programs\MiKTeX\tex/latex/refcount\refcount.st
y
Package: refcount 2019/12/15 v3.6 Data extraction from label references (HO)
)
(C:\Users\sj5947pw\AppData\Local\Programs\MiKTeX\tex/generic/gettitlestring\get
titlestring.sty
Package: gettitlestring 2019/12/15 v1.6 Cleanup title references (HO)

(C:\Users\sj5947pw\AppData\Local\Programs\MiKTeX\tex/latex/kvoptions\kvoptions.
sty
Package: kvoptions 2022-06-15 v3.15 Key value format for package options (HO)
))
\c@section@level=\count195
)
\@linkdim=\dimen143
\Hy@linkcounter=\count196
\Hy@pagecounter=\count197

(C:\Users\sj5947pw\AppData\Local\Programs\MiKTeX\tex/latex/hyperref\pd1enc.def
File: pd1enc.def 2022-11-13 v7.00u Hyperref: PDFDocEncoding definition (HO)
Now handling font encoding PD1 ...
... no UTF-8 mapping file for font encoding PD1
)
(C:\Users\sj5947pw\AppData\Local\Programs\MiKTeX\tex/generic/intcalc\intcalc.st
y
Package: intcalc 2019/12/15 v1.3 Expandable calculations with integers (HO)
)
(C:\Users\sj5947pw\AppData\Local\Programs\MiKTeX\tex/generic/etexcmds\etexcmds.
sty
Package: etexcmds 2019/12/15 v1.7 Avoid name clashes with e-TeX commands (HO)
)
\Hy@SavedSpaceFactor=\count198

(C:\Users\sj5947pw\AppData\Local\Programs\MiKTeX\tex/latex/hyperref\puenc.def
File: puenc.def 2022-11-13 v7.00u Hyperref: PDF Unicode definition (HO)
Now handling font encoding PU ...
... no UTF-8 mapping file for font encoding PU
)
Package hyperref Info: Hyper figures OFF on input line 4162.
Package hyperref Info: Link nesting OFF on input line 4167.
Package hyperref Info: Hyper index ON on input line 4170.
Package hyperref Info: Plain pages OFF on input line 4177.
Package hyperref Info: Backreferencing OFF on input line 4182.
Package hyperref Info: Implicit mode ON; LaTeX internals redefined.
Package hyperref Info: Bookmarks ON on input line 4410.
\c@Hy@tempcnt=\count199

(C:\Users\sj5947pw\AppData\Local\Programs\MiKTeX\tex/latex/url\url.sty
\Urlmuskip=\muskip16
Package: url 2013/09/16  ver 3.4  Verb mode for urls, etc.
)
LaTeX Info: Redefining \url on input line 4748.
\XeTeXLinkMargin=\dimen144

(C:\Users\sj5947pw\AppData\Local\Programs\MiKTeX\tex/generic/bitset\bitset.sty
Package: bitset 2019/12/09 v1.3 Handle bit-vector datatype (HO)

(C:\Users\sj5947pw\AppData\Local\Programs\MiKTeX\tex/generic/bigintcalc\bigintc
alc.sty
Package: bigintcalc 2019/12/15 v1.5 Expandable calculations on big integers (HO
)
))
\Fld@menulength=\count266
\Field@Width=\dimen145
\Fld@charsize=\dimen146
Package hyperref Info: Hyper figures OFF on input line 6027.
Package hyperref Info: Link nesting OFF on input line 6032.
Package hyperref Info: Hyper index ON on input line 6035.
Package hyperref Info: backreferencing OFF on input line 6042.
Package hyperref Info: Link coloring OFF on input line 6047.
Package hyperref Info: Link coloring with OCG OFF on input line 6052.
Package hyperref Info: PDF/A mode OFF on input line 6057.

(C:\Users\sj5947pw\AppData\Local\Programs\MiKTeX\tex/latex/base\atbegshi-ltx.st
y
Package: atbegshi-ltx 2021/01/10 v1.0c Emulation of the original atbegshi
package with kernel methods
)
\Hy@abspage=\count267
\c@Item=\count268
\c@Hfootnote=\count269
)
Package hyperref Info: Driver (autodetected): hpdftex.

(C:\Users\sj5947pw\AppData\Local\Programs\MiKTeX\tex/latex/hyperref\hpdftex.def
File: hpdftex.def 2022-11-13 v7.00u Hyperref driver for pdfTeX

(C:\Users\sj5947pw\AppData\Local\Programs\MiKTeX\tex/latex/base\atveryend-ltx.s
ty
Package: atveryend-ltx 2020/08/19 v1.0a Emulation of the original atveryend pac
kage
with kernel methods
)
\Fld@listcount=\count270
\c@bookmark@seq@number=\count271

(C:\Users\sj5947pw\AppData\Local\Programs\MiKTeX\tex/latex/rerunfilecheck\rerun
filecheck.sty
Package: rerunfilecheck 2022-07-10 v1.10 Rerun checks for auxiliary files (HO)

(C:\Users\sj5947pw\AppData\Local\Programs\MiKTeX\tex/generic/uniquecounter\uniq
uecounter.sty
Package: uniquecounter 2019/12/15 v1.4 Provide unlimited unique counter (HO)
)
Package uniquecounter Info: New unique counter `rerunfilecheck' on input line 2
85.
)
\Hy@SectionHShift=\skip53
)
(C:\Users\sj5947pw\AppData\Local\Programs\MiKTeX\tex/latex/l3backend\l3backend-
pdftex.def
File: l3backend-pdftex.def 2022-10-26 L3 backend support: PDF output (pdfTeX)
\l__color_backend_stack_int=\count272
\l__pdf_internal_box=\box53
)
No file moving_camera.aux.
\openout1 = `moving_camera.aux'.

LaTeX Font Info:    Checking defaults for OML/cmm/m/it on input line 16.
LaTeX Font Info:    ... okay on input line 16.
LaTeX Font Info:    Checking defaults for OMS/cmsy/m/n on input line 16.
LaTeX Font Info:    ... okay on input line 16.
LaTeX Font Info:    Checking defaults for OT1/cmr/m/n on input line 16.
LaTeX Font Info:    ... okay on input line 16.
LaTeX Font Info:    Checking defaults for T1/cmr/m/n on input line 16.
LaTeX Font Info:    ... okay on input line 16.
LaTeX Font Info:    Checking defaults for TS1/cmr/m/n on input line 16.
LaTeX Font Info:    ... okay on input line 16.
LaTeX Font Info:    Checking defaults for OMX/cmex/m/n on input line 16.
LaTeX Font Info:    ... okay on input line 16.
LaTeX Font Info:    Checking defaults for U/cmr/m/n on input line 16.
LaTeX Font Info:    ... okay on input line 16.
LaTeX Font Info:    Checking defaults for PD1/pdf/m/n on input line 16.
LaTeX Font Info:    ... okay on input line 16.
LaTeX Font Info:    Checking defaults for PU/pdf/m/n on input line 16.
LaTeX Font Info:    ... okay on input line 16.

(C:\Users\sj5947pw\AppData\Local\Programs\MiKTeX\tex/context/base/mkii\supp-pdf
.mkii
[Loading MPS to PDF converter (version 2006.09.02).]
\scratchcounter=\count273
\scratchdimen=\dimen147
\scratchbox=\box54
\nofMPsegments=\count274
\nofMParguments=\count275
\everyMPshowfont=\toks19
\MPscratchCnt=\count276
\MPscratchDim=\dimen148
\MPnumerator=\count277
\makeMPintoPDFobject=\count278
\everyMPtoPDFconversion=\toks20
)
(C:\Users\sj5947pw\AppData\Local\Programs\MiKTeX\tex/latex/epstopdf-pkg\epstopd
f-base.sty
Package: epstopdf-base 2020-01-24 v2.11 Base part for package epstopdf
Package epstopdf-base Info: Redefining graphics rule for `.eps' on input line 4
85.

(C:\Users\sj5947pw\AppData\Local\Programs\MiKTeX\tex/latex/00miktex\epstopdf-sy
s.cfg
File: epstopdf-sys.cfg 2021/03/18 v2.0 Configuration of epstopdf for MiKTeX
))
Package hyperref Info: Link coloring OFF on input line 16.
\@outlinefile=\write3
\openout3 = `moving_camera.out'.

LaTeX Font Info:    External font `cmex10' loaded for size
(Font)              <12> on input line 19.
LaTeX Font Info:    External font `cmex10' loaded for size
(Font)              <8> on input line 19.
LaTeX Font Info:    External font `cmex10' loaded for size
(Font)              <6> on input line 19.
LaTeX Font Info:    External font `cmex10' loaded for size
(Font)              <7> on input line 20.
LaTeX Font Info:    External font `cmex10' loaded for size
(Font)              <5> on input line 20.
 [1

{C:/Users/sj5947pw/AppData/Local/MiKTeX/fonts/map/pdftex/pdftex.map}]

LaTeX Warning: Citation `nature_cat' on page 2 undefined on input line 35.


LaTeX Warning: Citation `ISLE_overview' on page 2 undefined on input line 38.


LaTeX Warning: Citation `ISLE_ball_video_source' on page 2 undefined on input l
ine 39.

<Etkina-calibration.jpg, id=19, 595.023pt x 476.37975pt>
File: Etkina-calibration.jpg Graphic file (type jpg)
<use Etkina-calibration.jpg>
Package pdftex.def Info: Etkina-calibration.jpg  used on input line 43.
(pdftex.def)             Requested size: 446.39996pt x 357.40022pt.

LaTeX Warning: Citation `ISLE_ball_video_source' on page 2 undefined on input l
ine 49.

<Bohacek-1.jpg, id=20, 709.4505pt x 528.17325pt>
File: Bohacek-1.jpg Graphic file (type jpg)
<use Bohacek-1.jpg>
Package pdftex.def Info: Bohacek-1.jpg  used on input line 55.
(pdftex.def)             Requested size: 446.39996pt x 332.33987pt.

LaTeX Warning: Citation `Bohacek_youtube_intro' on page 2 undefined on input li
ne 57.


LaTeX Warning: `h' float specifier changed to `ht'.


LaTeX Warning: Citation `Bohacek_overview' on page 2 undefined on input line 61
.


Overfull \hbox (25.82922pt too wide) has occurred while \output is active
\OT1/cmr/m/it/12 Don't throw that video away! Reference Frames can fix Video An
alysis with a Moving Camera \OT1/cmr/m/n/12 2
 []

[2 <C:/Users/sj5947pw/OneDrive - MNSCU/Documents/papers/moving camera/make_pape
r/Etkina-calibration.jpg>]

LaTeX Warning: Citation `Tracker' on page 3 undefined on input line 66.


LaTeX Warning: Citation `LoggerPro' on page 3 undefined on input line 66.


LaTeX Warning: Citation `calibration_stick' on page 3 undefined on input line 7
8.


LaTeX Warning: Reference `Etkina-calibration' on page 3 undefined on input line
 81.


LaTeX Warning: Reference `Etkina-dots-2' on page 3 undefined on input line 81.


Overfull \hbox (25.82922pt too wide) has occurred while \output is active
\OT1/cmr/m/it/12 Don't throw that video away! Reference Frames can fix Video An
alysis with a Moving Camera \OT1/cmr/m/n/12 3
 []

[3 <C:/Users/sj5947pw/OneDrive - MNSCU/Documents/papers/moving camera/make_pape
r/Bohacek-1.jpg>]

LaTeX Warning: Reference `Etkina-Y-T-plot' on page 4 undefined on input line 90
.


LaTeX Warning: Reference `Etkina-X-T-plot' on page 4 undefined on input line 90
.

<Etkina-dots-2.jpg, id=35, 593.21625pt x 479.99326pt>
File: Etkina-dots-2.jpg Graphic file (type jpg)
<use Etkina-dots-2.jpg>
Package pdftex.def Info: Etkina-dots-2.jpg  used on input line 105.
(pdftex.def)             Requested size: 446.39996pt x 361.20985pt.

LaTeX Warning: `h' float specifier changed to `ht'.

<Etkina-Y-T-plot.pdf, id=36, 462.52798pt x 346.89601pt>
File: Etkina-Y-T-plot.pdf Graphic file (type pdf)
<use Etkina-Y-T-plot.pdf>
Package pdftex.def Info: Etkina-Y-T-plot.pdf  used on input line 116.
(pdftex.def)             Requested size: 446.39996pt x 334.81607pt.

LaTeX Warning: `h' float specifier changed to `ht'.

<Etkina-X-T-plot.pdf, id=37, 462.52798pt x 346.89601pt>
File: Etkina-X-T-plot.pdf Graphic file (type pdf)
<use Etkina-X-T-plot.pdf>
Package pdftex.def Info: Etkina-X-T-plot.pdf  used on input line 128.
(pdftex.def)             Requested size: 446.39996pt x 334.81607pt.

LaTeX Warning: `h' float specifier changed to `ht'.


Overfull \hbox (25.82922pt too wide) has occurred while \output is active
\OT1/cmr/m/it/12 Don't throw that video away! Reference Frames can fix Video An
alysis with a Moving Camera \OT1/cmr/m/n/12 4
 []

[4]
Underfull \vbox (badness 10000) has occurred while \output is active []


Overfull \hbox (25.82922pt too wide) has occurred while \output is active
\OT1/cmr/m/it/12 Don't throw that video away! Reference Frames can fix Video An
alysis with a Moving Camera \OT1/cmr/m/n/12 5
 []

[5 <C:/Users/sj5947pw/OneDrive - MNSCU/Documents/papers/moving camera/make_pape
r/Etkina-dots-2.jpg>]
Underfull \vbox (badness 10000) has occurred while \output is active []


Overfull \hbox (25.82922pt too wide) has occurred while \output is active
\OT1/cmr/m/it/12 Don't throw that video away! Reference Frames can fix Video An
alysis with a Moving Camera \OT1/cmr/m/n/12 6
 []

[6 <C:/Users/sj5947pw/OneDrive - MNSCU/Documents/papers/moving camera/make_pape
r/Etkina-Y-T-plot.pdf>]
Underfull \vbox (badness 10000) has occurred while \output is active []


Overfull \hbox (25.82922pt too wide) has occurred while \output is active
\OT1/cmr/m/it/12 Don't throw that video away! Reference Frames can fix Video An
alysis with a Moving Camera \OT1/cmr/m/n/12 7
 []

[7 <C:/Users/sj5947pw/OneDrive - MNSCU/Documents/papers/moving camera/make_pape
r/Etkina-X-T-plot.pdf>]

LaTeX Warning: Citation `bear_video_source' on page 8 undefined on input line 1
40.


LaTeX Warning: Citation `AccidentRisk' on page 8 undefined on input line 143.

<bear-dots.jpg, id=147, 610.07925pt x 484.209pt>
File: bear-dots.jpg Graphic file (type jpg)
<use bear-dots.jpg>
Package pdftex.def Info: bear-dots.jpg  used on input line 147.
(pdftex.def)             Requested size: 446.39996pt x 354.30452pt.

LaTeX Warning: `h' float specifier changed to `ht'.

<bear-speed.pdf, id=148, 462.52798pt x 346.89601pt>
File: bear-speed.pdf Graphic file (type pdf)
<use bear-speed.pdf>
Package pdftex.def Info: bear-speed.pdf  used on input line 159.
(pdftex.def)             Requested size: 446.39996pt x 334.81607pt.

LaTeX Warning: Reference `bear-dots' on page 8 undefined on input line 167.


LaTeX Warning: Reference `bear-speed' on page 8 undefined on input line 167.


LaTeX Warning: Reference `bear-quadratic' on page 8 undefined on input line 167
.


LaTeX Warning: Citation `AccidentRisk' on page 8 undefined on input line 170.

<bear-quadratic.pdf, id=149, 462.52798pt x 346.89601pt>
File: bear-quadratic.pdf Graphic file (type pdf)
<use bear-quadratic.pdf>
Package pdftex.def Info: bear-quadratic.pdf  used on input line 176.
(pdftex.def)             Requested size: 446.39996pt x 334.81607pt.

LaTeX Warning: `h' float specifier changed to `ht'.


Underfull \hbox (badness 1325) in paragraph at lines 187--188
[]\OT1/cmr/m/n/12 The work would not have been possible without Mark Hoyoak's e
xcellent
 []


Overfull \hbox (25.82922pt too wide) has occurred while \output is active
\OT1/cmr/m/it/12 Don't throw that video away! Reference Frames can fix Video An
alysis with a Moving Camera \OT1/cmr/m/n/12 8
 []

[8

]
Overfull \hbox (25.82922pt too wide) has occurred while \output is active
\OT1/cmr/m/it/12 Don't throw that video away! Reference Frames can fix Video An
alysis with a Moving Camera \OT1/cmr/m/n/12 9
 []

[9 <C:/Users/sj5947pw/OneDrive - MNSCU/Documents/papers/moving camera/make_pape
r/bear-dots.jpg>]
Overfull \hbox (31.70416pt too wide) has occurred while \output is active
\OT1/cmr/m/it/12 Don't throw that video away! Reference Frames can fix Video An
alysis with a Moving Camera \OT1/cmr/m/n/12 10
 []

[10 <C:/Users/sj5947pw/OneDrive - MNSCU/Documents/papers/moving camera/make_pap
er/bear-speed.pdf>]
Underfull \vbox (badness 10000) has occurred while \output is active []


Overfull \hbox (31.70416pt too wide) has occurred while \output is active
\OT1/cmr/m/it/12 Don't throw that video away! Reference Frames can fix Video An
alysis with a Moving Camera \OT1/cmr/m/n/12 11
 []

[11 <C:/Users/sj5947pw/OneDrive - MNSCU/Documents/papers/moving camera/make_pap
er/bear-quadratic.pdf>] (moving_camera.aux)

LaTeX Warning: There were undefined references.


LaTeX Warning: Label(s) may have changed. Rerun to get cross-references right.


Package rerunfilecheck Warning: File `moving_camera.out' has changed.
(rerunfilecheck)                Rerun to get outlines right
(rerunfilecheck)                or use package `bookmark'.

Package rerunfilecheck Info: Checksums for `moving_camera.out':
(rerunfilecheck)             Before: <no file>
(rerunfilecheck)             After:  B1AEFA64E7408394AE54560BB38B77C1;622.
 ) 
Here is how much of TeX's memory you used:
 8693 strings out of 475285
 138278 string characters out of 2772703
 489463 words of memory out of 3000000
 30044 multiletter control sequences out of 15000+600000
 474892 words of font info for 47 fonts, out of 8000000 for 9000
 1141 hyphenation exceptions out of 8191
 72i,11n,77p,779b,570s stack positions out of 10000i,1000n,20000p,200000b,80000s
<C:/Users/sj5947pw/AppData/Local/Programs/MiKTeX/fonts/type1/public/amsfonts/
cm/cmbx10.pfb><C:/Users/sj5947pw/AppData/Local/Programs/MiKTeX/fonts/type1/publ
ic/amsfonts/cm/cmbx12.pfb><C:/Users/sj5947pw/AppData/Local/Programs/MiKTeX/font
s/type1/public/amsfonts/cm/cmmi10.pfb><C:/Users/sj5947pw/AppData/Local/Programs
/MiKTeX/fonts/type1/public/amsfonts/cm/cmmi12.pfb><C:/Users/sj5947pw/AppData/Lo
cal/Programs/MiKTeX/fonts/type1/public/amsfonts/cm/cmmi8.pfb><C:/Users/sj5947pw
/AppData/Local/Programs/MiKTeX/fonts/type1/public/amsfonts/cm/cmr10.pfb><C:/Use
rs/sj5947pw/AppData/Local/Programs/MiKTeX/fonts/type1/public/amsfonts/cm/cmr12.
pfb><C:/Users/sj5947pw/AppData/Local/Programs/MiKTeX/fonts/type1/public/amsfont
s/cm/cmr7.pfb><C:/Users/sj5947pw/AppData/Local/Programs/MiKTeX/fonts/type1/publ
ic/amsfonts/cm/cmsy10.pfb><C:/Users/sj5947pw/AppData/Local/Programs/MiKTeX/font
s/type1/public/amsfonts/cm/cmti10.pfb><C:/Users/sj5947pw/AppData/Local/Programs
/MiKTeX/fonts/type1/public/amsfonts/cm/cmti12.pfb><C:/Users/sj5947pw/AppData/Lo
cal/Programs/MiKTeX/fonts/type1/public/amsfonts/cm/cmtt10.pfb><C:/Users/sj5947p
w/AppData/Local/Programs/MiKTeX/fonts/type1/public/amsfonts/cm/cmtt12.pfb>
Output written on moving_camera.pdf (11 pages, 824856 bytes).
PDF statistics:
 345 PDF objects out of 1000 (max. 8388607)
 36 named destinations out of 1000 (max. 500000)
 41 words of extra memory for PDF output out of 10000 (max. 10000000)

